{
  "RSpec": {
    "coverage": {
      "/Users/wolverine/workshop/turing/mod3/projects/rails_engine/spec/models/customer_spec.rb": [
        1,
        null,
        1,
        null,
        1,
        null,
        2,
        2,
        null,
        null,
        null,
        1,
        null,
        2,
        null,
        null,
        null
      ],
      "/Users/wolverine/workshop/turing/mod3/projects/rails_engine/spec/rails_helper.rb": [
        null,
        1,
        1,
        1,
        null,
        1,
        1,
        null,
        1,
        null,
        1,
        null,
        1,
        1,
        1,
        1,
        null,
        null,
        null,
        null,
        null,
        null,
        null,
        null,
        null,
        null,
        null,
        null,
        null,
        null,
        null,
        null,
        null,
        8,
        null,
        null,
        null,
        1,
        null,
        1,
        null,
        1,
        null,
        null,
        null,
        null,
        1,
        null,
        null,
        null,
        null,
        null,
        null,
        null,
        null,
        null,
        null,
        null,
        null,
        null,
        null,
        1,
        null,
        null,
        1,
        null,
        null,
        null
      ],
      "/Users/wolverine/workshop/turing/mod3/projects/rails_engine/config/environment.rb": [
        null,
        1,
        null,
        null,
        1
      ],
      "/Users/wolverine/workshop/turing/mod3/projects/rails_engine/config/application.rb": [
        1,
        null,
        1,
        null,
        1,
        1,
        1,
        1,
        1,
        1,
        1,
        null,
        null,
        null,
        null,
        null,
        1,
        null,
        1,
        1,
        null,
        1,
        null,
        null,
        null,
        null,
        null,
        null,
        null,
        null,
        1,
        null,
        null
      ],
      "/Users/wolverine/workshop/turing/mod3/projects/rails_engine/config/boot.rb": [
        1,
        null,
        1
      ],
      "/Users/wolverine/workshop/turing/mod3/projects/rails_engine/config/environments/test.rb": [
        1,
        null,
        null,
        null,
        null,
        null,
        null,
        1,
        null,
        null,
        null,
        null,
        1,
        null,
        null,
        1,
        1,
        null,
        null,
        null,
        null,
        1,
        1,
        null,
        null,
        1,
        null,
        null,
        1,
        1,
        null,
        null,
        null,
        null,
        1,
        null,
        null,
        1,
        null,
        null,
        null,
        null
      ],
      "/Users/wolverine/workshop/turing/mod3/projects/rails_engine/config/initializers/application_controller_renderer.rb": [
        null,
        null,
        null,
        null,
        null,
        null
      ],
      "/Users/wolverine/workshop/turing/mod3/projects/rails_engine/config/initializers/backtrace_silencers.rb": [
        null,
        null,
        null,
        null,
        null,
        null,
        null
      ],
      "/Users/wolverine/workshop/turing/mod3/projects/rails_engine/config/initializers/cors.rb": [
        null,
        null,
        null,
        null,
        null,
        null,
        null,
        null,
        null,
        null,
        null,
        null,
        null,
        null,
        null,
        null
      ],
      "/Users/wolverine/workshop/turing/mod3/projects/rails_engine/config/initializers/filter_parameter_logging.rb": [
        null,
        null,
        null,
        1
      ],
      "/Users/wolverine/workshop/turing/mod3/projects/rails_engine/config/initializers/inflections.rb": [
        null,
        null,
        null,
        null,
        null,
        null,
        null,
        null,
        null,
        null,
        null,
        null,
        null,
        null,
        null,
        null
      ],
      "/Users/wolverine/workshop/turing/mod3/projects/rails_engine/config/initializers/mime_types.rb": [
        null,
        null,
        null,
        null
      ],
      "/Users/wolverine/workshop/turing/mod3/projects/rails_engine/config/initializers/wrap_parameters.rb": [
        null,
        null,
        null,
        null,
        null,
        null,
        1,
        2,
        null,
        null,
        null,
        null,
        null,
        null
      ],
      "/Users/wolverine/workshop/turing/mod3/projects/rails_engine/config/routes.rb": [
        1,
        1,
        1,
        null,
        1,
        1,
        1,
        1,
        null,
        1,
        1,
        1,
        1,
        null,
        null,
        null,
        1,
        1,
        1,
        1,
        1,
        1,
        1,
        null,
        1,
        1,
        1,
        1,
        1,
        1,
        null,
        null,
        null,
        1,
        1,
        1,
        1,
        1,
        1,
        null,
        1,
        1,
        1,
        1,
        null,
        null,
        null,
        1,
        1,
        1,
        1,
        1,
        1,
        null,
        1,
        1,
        1,
        1,
        1,
        1,
        null,
        null,
        null,
        1,
        1,
        1,
        1,
        null,
        1,
        1,
        1,
        null,
        null,
        null,
        1,
        1,
        1,
        1,
        null,
        1,
        1,
        null,
        null,
        null,
        1,
        1,
        1,
        1,
        1,
        1,
        null,
        null,
        null
      ],
      "/Users/wolverine/workshop/turing/mod3/projects/rails_engine/spec/support/factories/customers_factory.rb": [
        1,
        null,
        1,
        null,
        1,
        1,
        null,
        1,
        1125,
        null,
        null,
        1,
        1125,
        null,
        null,
        null
      ],
      "/Users/wolverine/workshop/turing/mod3/projects/rails_engine/spec/support/factories/invoice_items_factory.rb": [
        1,
        null,
        1,
        1,
        1,
        1,
        1,
        null,
        1,
        540,
        null,
        null,
        1,
        540,
        null,
        null,
        1,
        1,
        10,
        null,
        null,
        null,
        null
      ],
      "/Users/wolverine/workshop/turing/mod3/projects/rails_engine/spec/support/factories/invoices_factory.rb": [
        1,
        null,
        1,
        1,
        1,
        1,
        null,
        1,
        1076,
        null,
        null,
        1,
        1077,
        null,
        null,
        1,
        1,
        30,
        null,
        null,
        null,
        1,
        1,
        2,
        null,
        null,
        null,
        1,
        1,
        125,
        125,
        125,
        null,
        null,
        null,
        null
      ],
      "/Users/wolverine/workshop/turing/mod3/projects/rails_engine/spec/support/factories/items_factory.rb": [
        1,
        null,
        1,
        1,
        1,
        1,
        1,
        null,
        1,
        657,
        null,
        null,
        1,
        657,
        null,
        null,
        1,
        1,
        1,
        1,
        null,
        null,
        null,
        null
      ],
      "/Users/wolverine/workshop/turing/mod3/projects/rails_engine/spec/support/factories/merchants_factory.rb": [
        1,
        null,
        1,
        1,
        null,
        1,
        1784,
        null,
        null,
        1,
        1784,
        null,
        null,
        1,
        1,
        35,
        null,
        null,
        null,
        null
      ],
      "/Users/wolverine/workshop/turing/mod3/projects/rails_engine/spec/support/factories/transactions_factory.rb": [
        1,
        null,
        1,
        1,
        1,
        1,
        1,
        null,
        1,
        282,
        null,
        null,
        1,
        282,
        null,
        null,
        null
      ],
      "/Users/wolverine/workshop/turing/mod3/projects/rails_engine/spec/support/factory_girl.rb": [
        1,
        1,
        null
      ],
      "/Users/wolverine/workshop/turing/mod3/projects/rails_engine/app/models/customer.rb": [
        1,
        1,
        1,
        1,
        null,
        1,
        null,
        1,
        null,
        null,
        null,
        0,
        null,
        null,
        1,
        0,
        null,
        null
      ],
      "/Users/wolverine/workshop/turing/mod3/projects/rails_engine/app/models/application_record.rb": [
        1,
        1,
        null
      ],
      "/Users/wolverine/workshop/turing/mod3/projects/rails_engine/spec/models/invoice_item_spec.rb": [
        1,
        null,
        1,
        null,
        1,
        null,
        2,
        2,
        null,
        null,
        null,
        1,
        null,
        2,
        2,
        null,
        null,
        null
      ],
      "/Users/wolverine/workshop/turing/mod3/projects/rails_engine/app/models/invoice_item.rb": [
        1,
        1,
        1,
        null,
        1,
        null,
        1,
        null,
        1,
        0,
        null,
        null,
        1,
        null,
        1,
        540,
        null,
        null
      ],
      "/Users/wolverine/workshop/turing/mod3/projects/rails_engine/spec/models/invoice_spec.rb": [
        1,
        null,
        1,
        null,
        1,
        null,
        2,
        null,
        null,
        null,
        1,
        null,
        2,
        2,
        2,
        null,
        null,
        null
      ],
      "/Users/wolverine/workshop/turing/mod3/projects/rails_engine/app/models/invoice.rb": [
        1,
        1,
        1,
        null,
        1,
        1,
        1,
        null,
        1,
        null,
        1,
        null,
        1,
        0,
        null,
        null
      ],
      "/Users/wolverine/workshop/turing/mod3/projects/rails_engine/spec/models/item_spec.rb": [
        1,
        null,
        1,
        null,
        1,
        null,
        2,
        2,
        2,
        null,
        null,
        null,
        1,
        null,
        2,
        2,
        null,
        null,
        null
      ],
      "/Users/wolverine/workshop/turing/mod3/projects/rails_engine/app/models/item.rb": [
        1,
        1,
        null,
        1,
        1,
        null,
        1,
        null,
        1,
        null,
        1,
        1,
        null,
        null,
        null,
        null,
        null,
        null,
        null,
        null,
        null,
        null,
        null,
        1,
        1,
        0,
        null,
        null,
        1,
        1,
        null,
        null,
        null,
        null,
        null,
        null,
        null,
        null,
        null,
        null,
        null,
        1,
        1,
        null,
        null,
        null,
        null,
        null,
        null,
        null,
        null,
        null,
        null,
        null,
        null,
        1,
        null,
        1,
        657,
        null,
        null
      ],
      "/Users/wolverine/workshop/turing/mod3/projects/rails_engine/spec/models/merchant_spec.rb": [
        1,
        null,
        1,
        null,
        1,
        null,
        2,
        null,
        null,
        null,
        1,
        null,
        2,
        2,
        null,
        null,
        null
      ],
      "/Users/wolverine/workshop/turing/mod3/projects/rails_engine/app/models/merchant.rb": [
        1,
        1,
        1,
        null,
        1,
        null,
        1,
        null,
        1,
        null,
        null,
        1,
        null,
        null,
        1,
        null,
        null,
        1,
        null,
        null,
        1,
        null,
        null,
        null,
        1,
        null,
        null,
        1,
        1,
        null,
        null,
        null,
        null,
        null,
        null,
        null,
        null,
        null,
        null,
        null,
        null,
        null,
        null,
        null,
        null,
        1,
        1,
        0,
        null,
        null,
        1,
        1,
        null,
        null,
        null,
        null,
        null,
        null,
        null,
        null,
        null,
        null,
        null,
        1,
        1,
        null,
        null,
        null,
        null,
        null,
        null,
        null,
        null,
        null,
        null,
        null,
        1,
        null,
        null,
        1,
        null,
        null,
        null,
        null
      ],
      "/Users/wolverine/workshop/turing/mod3/projects/rails_engine/spec/models/transaction_spec.rb": [
        1,
        null,
        1,
        null,
        1,
        null,
        2,
        2,
        null,
        null,
        null,
        1,
        null,
        2,
        null,
        null,
        null
      ],
      "/Users/wolverine/workshop/turing/mod3/projects/rails_engine/app/models/transaction.rb": [
        1,
        1,
        null,
        1,
        null,
        1,
        null,
        1,
        0,
        null,
        null
      ],
      "/Users/wolverine/workshop/turing/mod3/projects/rails_engine/spec/requests/api/v1/customers/customers_request_spec.rb": [
        1,
        null,
        1,
        null,
        1,
        1,
        1,
        null,
        1,
        1,
        1,
        null,
        1,
        1,
        1,
        1,
        1,
        null,
        null,
        1,
        1,
        null,
        1,
        1,
        1,
        null,
        1,
        1,
        null,
        null,
        null,
        1,
        1,
        5,
        null,
        null,
        1,
        1,
        1,
        1,
        null,
        1,
        1,
        null,
        null,
        1,
        1,
        1,
        1,
        null,
        1,
        1,
        null,
        null,
        1,
        1,
        null,
        1,
        1,
        1,
        null,
        1,
        1,
        null,
        null,
        1,
        null,
        1,
        1,
        1,
        null,
        1,
        1,
        null,
        null,
        1,
        null,
        1,
        1,
        1,
        null,
        1,
        1,
        null,
        null,
        null,
        1,
        1,
        3,
        null,
        null,
        1,
        1,
        null,
        1,
        1,
        1,
        null,
        1,
        null,
        1,
        1,
        null,
        null,
        null,
        1,
        1,
        1,
        1,
        null,
        1,
        null,
        1,
        10,
        null,
        null,
        null,
        1,
        1,
        1,
        1,
        null,
        1,
        null,
        1,
        10,
        null,
        null,
        null,
        null
      ],
      "/Users/wolverine/workshop/turing/mod3/projects/rails_engine/spec/requests/api/v1/invoice_items/invoice_items_request_spec.rb": [
        1,
        null,
        1,
        null,
        1,
        1,
        1,
        null,
        1,
        1,
        1,
        null,
        1,
        1,
        1,
        1,
        1,
        1,
        1,
        null,
        null,
        1,
        1,
        null,
        1,
        1,
        1,
        null,
        1,
        1,
        1,
        1,
        null,
        null,
        null,
        1,
        1,
        7,
        null,
        null,
        1,
        1,
        1,
        1,
        null,
        1,
        null,
        null,
        1,
        1,
        1,
        1,
        null,
        1,
        1,
        null,
        null,
        1,
        1,
        1,
        1,
        null,
        1,
        null,
        null,
        1,
        1,
        1,
        1,
        null,
        1,
        null,
        null,
        1,
        1,
        1,
        1,
        null,
        1,
        null,
        null,
        1,
        1,
        1,
        1,
        null,
        1,
        null,
        null,
        1,
        1,
        1,
        1,
        null,
        1,
        null,
        null,
        null,
        1,
        1,
        5,
        null,
        null,
        1,
        1,
        null,
        1,
        1,
        1,
        null,
        1,
        null,
        1,
        1,
        null,
        null,
        null,
        1,
        1,
        null,
        1,
        1,
        1,
        null,
        1,
        null,
        1,
        10,
        null,
        null,
        null,
        1,
        1,
        1,
        1,
        null,
        1,
        null,
        1,
        10,
        null,
        null,
        null,
        1,
        1,
        1,
        null,
        1,
        1,
        1,
        null,
        1,
        null,
        1,
        10,
        null,
        null,
        null,
        1,
        1,
        1,
        null,
        1,
        1,
        1,
        null,
        1,
        null,
        1,
        10,
        null,
        null,
        null,
        null
      ],
      "/Users/wolverine/workshop/turing/mod3/projects/rails_engine/spec/requests/api/v1/invoices/invoices_request_spec.rb": [
        1,
        null,
        1,
        null,
        1,
        1,
        1,
        null,
        1,
        1,
        1,
        null,
        1,
        1,
        1,
        1,
        1,
        1,
        null,
        null,
        1,
        1,
        null,
        1,
        1,
        1,
        null,
        1,
        1,
        1,
        null,
        null,
        null,
        1,
        1,
        6,
        null,
        null,
        1,
        1,
        1,
        1,
        null,
        1,
        null,
        null,
        1,
        1,
        1,
        1,
        null,
        1,
        null,
        null,
        1,
        1,
        1,
        1,
        null,
        1,
        null,
        null,
        1,
        1,
        1,
        1,
        null,
        1,
        null,
        null,
        1,
        1,
        1,
        1,
        null,
        1,
        null,
        null,
        1,
        1,
        1,
        1,
        null,
        1,
        null,
        null,
        null,
        1,
        1,
        4,
        null,
        null,
        1,
        1,
        null,
        1,
        1,
        1,
        null,
        1,
        null,
        1,
        1,
        null,
        null,
        null,
        1,
        1,
        1,
        1,
        null,
        1,
        null,
        1,
        10,
        null,
        null,
        null,
        1,
        1,
        1,
        null,
        1,
        1,
        1,
        null,
        1,
        null,
        1,
        10,
        null,
        null,
        null,
        1,
        1,
        1,
        null,
        1,
        1,
        1,
        null,
        1,
        null,
        1,
        10,
        null,
        null,
        null,
        null
      ],
      "/Users/wolverine/workshop/turing/mod3/projects/rails_engine/spec/requests/api/v1/items/items_b_logic_spec.rb": [
        1,
        null,
        1,
        null,
        1,
        1,
        null,
        1,
        1,
        null,
        1,
        null,
        1,
        1,
        1,
        null,
        null,
        1,
        1,
        null,
        1,
        null,
        1,
        null,
        1,
        null,
        1,
        1,
        1,
        null,
        null,
        1,
        1,
        null,
        1,
        1,
        null,
        1,
        null,
        1,
        null,
        null
      ],
      "/Users/wolverine/workshop/turing/mod3/projects/rails_engine/spec/requests/api/v1/items/items_request_spec.rb": [
        1,
        null,
        1,
        null,
        1,
        1,
        1,
        null,
        1,
        1,
        1,
        null,
        1,
        1,
        1,
        1,
        1,
        null,
        null,
        1,
        1,
        null,
        1,
        1,
        1,
        null,
        1,
        1,
        1,
        1,
        null,
        null,
        null,
        1,
        1,
        7,
        null,
        null,
        1,
        1,
        1,
        1,
        null,
        1,
        1,
        null,
        null,
        1,
        1,
        1,
        1,
        null,
        1,
        1,
        null,
        null,
        1,
        1,
        1,
        1,
        null,
        1,
        1,
        null,
        null,
        1,
        1,
        1,
        1,
        null,
        1,
        1,
        null,
        null,
        1,
        1,
        1,
        1,
        null,
        1,
        1,
        null,
        null,
        1,
        1,
        1,
        1,
        null,
        1,
        1,
        null,
        null,
        1,
        1,
        1,
        1,
        null,
        1,
        1,
        null,
        null,
        null,
        1,
        1,
        5,
        null,
        null,
        1,
        1,
        null,
        1,
        1,
        1,
        null,
        1,
        null,
        1,
        1,
        null,
        null,
        null,
        1,
        1,
        1,
        1,
        null,
        1,
        null,
        1,
        10,
        null,
        null,
        null,
        1,
        1,
        1,
        1,
        null,
        1,
        null,
        1,
        10,
        null,
        null,
        null,
        1,
        1,
        1,
        1,
        null,
        1,
        null,
        1,
        10,
        null,
        null,
        null,
        1,
        1,
        1,
        null,
        1,
        1,
        1,
        null,
        1,
        null,
        1,
        10,
        null,
        null,
        null,
        null
      ],
      "/Users/wolverine/workshop/turing/mod3/projects/rails_engine/spec/requests/api/v1/merchants/merchants_b_logic_spec.rb": [
        1,
        null,
        1,
        null,
        1,
        1,
        null,
        3,
        3,
        36,
        null,
        null,
        84,
        null,
        null,
        1,
        1,
        1,
        null,
        4,
        null,
        1,
        1,
        null,
        null,
        1,
        1,
        1,
        null,
        4,
        null,
        1,
        1,
        null,
        null,
        1,
        1,
        1,
        null,
        1,
        1,
        null,
        null,
        null,
        1,
        1,
        4,
        null,
        null,
        1,
        1,
        1,
        null,
        1,
        1,
        null,
        null,
        1,
        1,
        null,
        1,
        1,
        null,
        1,
        1,
        null,
        null,
        1,
        1,
        1,
        null,
        null,
        1,
        1,
        null,
        1,
        1,
        null,
        null,
        1,
        1,
        null,
        null,
        1,
        null,
        1,
        null,
        null,
        1,
        1,
        null,
        3,
        1,
        null,
        null,
        null,
        null
      ],
      "/Users/wolverine/workshop/turing/mod3/projects/rails_engine/spec/requests/api/v1/merchants/merchants_request_spec.rb": [
        1,
        null,
        1,
        null,
        1,
        1,
        1,
        null,
        1,
        1,
        1,
        null,
        1,
        1,
        null,
        null,
        1,
        1,
        null,
        1,
        1,
        1,
        null,
        1,
        null,
        null,
        null,
        1,
        1,
        4,
        null,
        null,
        1,
        1,
        1,
        1,
        null,
        1,
        1,
        null,
        null,
        1,
        1,
        1,
        1,
        null,
        1,
        1,
        null,
        null,
        1,
        null,
        1,
        1,
        1,
        null,
        1,
        1,
        null,
        null,
        1,
        null,
        1,
        1,
        1,
        null,
        1,
        1,
        null,
        null,
        null,
        1,
        1,
        2,
        null,
        null,
        1,
        1,
        null,
        1,
        1,
        1,
        null,
        1,
        null,
        1,
        1,
        null,
        null,
        null,
        1,
        1,
        1,
        1,
        null,
        1,
        null,
        1,
        10,
        null,
        null,
        null,
        null
      ],
      "/Users/wolverine/workshop/turing/mod3/projects/rails_engine/spec/requests/api/v1/transactions/transactions_request_spec.rb": [
        1,
        null,
        1,
        null,
        1,
        1,
        1,
        null,
        1,
        1,
        1,
        null,
        1,
        1,
        1,
        1,
        1,
        1,
        null,
        null,
        1,
        1,
        null,
        1,
        1,
        1,
        null,
        1,
        1,
        1,
        null,
        null,
        null,
        1,
        1,
        6,
        null,
        null,
        1,
        1,
        1,
        1,
        null,
        1,
        null,
        null,
        1,
        1,
        1,
        1,
        null,
        1,
        null,
        null,
        1,
        1,
        1,
        1,
        null,
        1,
        null,
        null,
        1,
        1,
        1,
        1,
        null,
        1,
        null,
        null,
        1,
        1,
        1,
        1,
        null,
        1,
        null,
        null,
        1,
        1,
        1,
        1,
        null,
        1,
        null,
        null,
        null,
        1,
        1,
        4,
        null,
        null,
        1,
        1,
        null,
        1,
        1,
        1,
        null,
        1,
        null,
        1,
        1,
        null,
        null,
        null,
        1,
        null,
        1,
        1,
        1,
        null,
        1,
        null,
        1,
        10,
        null,
        null,
        null,
        1,
        1,
        1,
        1,
        null,
        1,
        null,
        1,
        10,
        null,
        null,
        null,
        1,
        1,
        1,
        null,
        1,
        1,
        1,
        null,
        1,
        null,
        1,
        10,
        null,
        null,
        null,
        null
      ],
      "/Users/wolverine/workshop/turing/mod3/projects/rails_engine/app/controllers/api/v1/customers_controller.rb": [
        1,
        null,
        1,
        1,
        null,
        null,
        1,
        1,
        1,
        null,
        null,
        null
      ],
      "/Users/wolverine/workshop/turing/mod3/projects/rails_engine/app/controllers/application_controller.rb": [
        1,
        null
      ],
      "/Users/wolverine/workshop/turing/mod3/projects/rails_engine/app/serializers/customer_serializer.rb": [
        1,
        1,
        null
      ],
      "/Users/wolverine/workshop/turing/mod3/projects/rails_engine/app/controllers/api/v1/customers/find_controller.rb": [
        1,
        null,
        1,
        5,
        5,
        null,
        null,
        1,
        5,
        null,
        null
      ],
      "/Users/wolverine/workshop/turing/mod3/projects/rails_engine/app/controllers/api/v1/customers/find_all_controller.rb": [
        1,
        null,
        1,
        3,
        3,
        null,
        null,
        1,
        3,
        null,
        null
      ],
      "/Users/wolverine/workshop/turing/mod3/projects/rails_engine/app/controllers/api/v1/invoice_items_controller.rb": [
        1,
        null,
        1,
        1,
        null,
        null,
        1,
        1,
        1,
        null,
        null,
        null
      ],
      "/Users/wolverine/workshop/turing/mod3/projects/rails_engine/app/serializers/invoice_item_serializer.rb": [
        1,
        1,
        null
      ],
      "/Users/wolverine/workshop/turing/mod3/projects/rails_engine/app/controllers/api/v1/invoice_items/find_controller.rb": [
        1,
        null,
        1,
        7,
        7,
        null,
        null,
        1,
        7,
        null,
        null,
        null
      ],
      "/Users/wolverine/workshop/turing/mod3/projects/rails_engine/app/controllers/api/v1/invoice_items/find_all_controller.rb": [
        1,
        null,
        1,
        5,
        5,
        null,
        null,
        1,
        5,
        null,
        null,
        null
      ],
      "/Users/wolverine/workshop/turing/mod3/projects/rails_engine/app/controllers/api/v1/invoices_controller.rb": [
        1,
        null,
        1,
        1,
        null,
        null,
        1,
        1,
        1,
        null,
        null,
        null
      ],
      "/Users/wolverine/workshop/turing/mod3/projects/rails_engine/app/serializers/invoice_serializer.rb": [
        1,
        1,
        null
      ],
      "/Users/wolverine/workshop/turing/mod3/projects/rails_engine/app/controllers/api/v1/invoices/find_controller.rb": [
        1,
        null,
        1,
        6,
        6,
        null,
        null,
        1,
        6,
        null,
        null,
        null
      ],
      "/Users/wolverine/workshop/turing/mod3/projects/rails_engine/app/controllers/api/v1/invoices/find_all_controller.rb": [
        1,
        null,
        1,
        4,
        4,
        null,
        null,
        1,
        4,
        null,
        null,
        null
      ],
      "/Users/wolverine/workshop/turing/mod3/projects/rails_engine/app/controllers/api/v1/items/most_revenue_controller.rb": [
        1,
        null,
        1,
        1,
        1,
        null,
        null
      ],
      "/Users/wolverine/workshop/turing/mod3/projects/rails_engine/app/serializers/item_serializer.rb": [
        1,
        1,
        null
      ],
      "/Users/wolverine/workshop/turing/mod3/projects/rails_engine/app/controllers/api/v1/items/most_items_controller.rb": [
        1,
        null,
        1,
        1,
        1,
        null,
        null
      ],
      "/Users/wolverine/workshop/turing/mod3/projects/rails_engine/app/controllers/api/v1/items/best_day_controller.rb": [
        1,
        null,
        1,
        1,
        1,
        null,
        null
      ],
      "/Users/wolverine/workshop/turing/mod3/projects/rails_engine/app/controllers/api/v1/items_controller.rb": [
        1,
        null,
        1,
        1,
        null,
        null,
        1,
        1,
        1,
        null,
        null,
        null
      ],
      "/Users/wolverine/workshop/turing/mod3/projects/rails_engine/app/controllers/api/v1/items/find_controller.rb": [
        1,
        null,
        1,
        7,
        7,
        null,
        null,
        1,
        7,
        null,
        null,
        null
      ],
      "/Users/wolverine/workshop/turing/mod3/projects/rails_engine/app/controllers/api/v1/items/find_all_controller.rb": [
        1,
        null,
        1,
        5,
        5,
        null,
        null,
        1,
        5,
        null,
        null,
        null
      ],
      "/Users/wolverine/workshop/turing/mod3/projects/rails_engine/app/controllers/api/v1/merchants/most_revenue_controller.rb": [
        1,
        null,
        1,
        1,
        null,
        null,
        1,
        1,
        null,
        null
      ],
      "/Users/wolverine/workshop/turing/mod3/projects/rails_engine/app/serializers/merchant_serializer.rb": [
        1,
        1,
        null
      ],
      "/Users/wolverine/workshop/turing/mod3/projects/rails_engine/app/controllers/api/v1/merchants/most_items_controller.rb": [
        1,
        null,
        1,
        1,
        null,
        null,
        1,
        1,
        null,
        null
      ],
      "/Users/wolverine/workshop/turing/mod3/projects/rails_engine/app/controllers/api/v1/merchants/revenue_controller.rb": [
        1,
        null,
        1,
        1,
        null,
        null,
        null,
        1,
        2,
        2,
        null,
        null
      ],
      "/Users/wolverine/workshop/turing/mod3/projects/rails_engine/app/serializers/total_revenue_serializer.rb": [
        1,
        1,
        null,
        1,
        1,
        null,
        null
      ],
      "/Users/wolverine/workshop/turing/mod3/projects/rails_engine/app/serializers/revenue_serializer.rb": [
        1,
        1,
        null,
        1,
        2,
        1,
        null,
        1,
        null,
        null,
        null
      ],
      "/Users/wolverine/workshop/turing/mod3/projects/rails_engine/app/controllers/api/v1/merchants/favorite_customer_controller.rb": [
        1,
        null,
        1,
        1,
        null,
        1,
        null,
        null
      ],
      "/Users/wolverine/workshop/turing/mod3/projects/rails_engine/app/controllers/api/v1/merchants/customers_with_pending_invoices_controller.rb": [
        1,
        null,
        1,
        1,
        null,
        1,
        null,
        null
      ],
      "/Users/wolverine/workshop/turing/mod3/projects/rails_engine/app/controllers/api/v1/merchants_controller.rb": [
        1,
        null,
        1,
        1,
        null,
        null,
        1,
        1,
        1,
        null,
        null,
        null
      ],
      "/Users/wolverine/workshop/turing/mod3/projects/rails_engine/app/controllers/api/v1/merchants/find_controller.rb": [
        1,
        null,
        1,
        4,
        4,
        null,
        null,
        1,
        4,
        null,
        null
      ],
      "/Users/wolverine/workshop/turing/mod3/projects/rails_engine/app/controllers/api/v1/merchants/find_all_controller.rb": [
        1,
        null,
        1,
        2,
        2,
        null,
        null,
        1,
        2,
        null,
        null
      ],
      "/Users/wolverine/workshop/turing/mod3/projects/rails_engine/app/controllers/api/v1/transactions_controller.rb": [
        1,
        null,
        1,
        1,
        null,
        null,
        1,
        1,
        1,
        null,
        null,
        null
      ],
      "/Users/wolverine/workshop/turing/mod3/projects/rails_engine/app/serializers/transaction_serializer.rb": [
        1,
        1,
        null
      ],
      "/Users/wolverine/workshop/turing/mod3/projects/rails_engine/app/controllers/api/v1/transactions/find_controller.rb": [
        1,
        null,
        1,
        6,
        6,
        null,
        null,
        1,
        6,
        null,
        null,
        null
      ],
      "/Users/wolverine/workshop/turing/mod3/projects/rails_engine/app/controllers/api/v1/transactions/find_all_controller.rb": [
        1,
        null,
        1,
        4,
        4,
        null,
        null,
        1,
        4,
        null,
        null,
        null
      ]
    },
    "timestamp": 1498834483
  }
}
